c:\_dev\minitwi\wtl90_4140_final\samples\bmpview\debug\bmpview.pch
c:\_dev\minitwi\wtl90_4140_final\samples\bmpview\debug\vc120.pdb
c:\_dev\minitwi\wtl90_4140_final\samples\bmpview\debug\vc120.idb
c:\_dev\minitwi\wtl90_4140_final\samples\bmpview\debug\stdafx.obj
c:\_dev\minitwi\wtl90_4140_final\samples\bmpview\debug\bmpview.obj
c:\_dev\minitwi\wtl90_4140_final\samples\bmpview\debug\bmpview.res
c:\_dev\minitwi\wtl90_4140_final\samples\bmpview\debug\bmpview.exe.embed.manifest.res
c:\_dev\minitwi\wtl90_4140_final\samples\bmpview\debug\bmpview.exe.embed.manifest
c:\_dev\minitwi\wtl90_4140_final\samples\bmpview\debug\bmpview_manifest.rc
c:\_dev\minitwi\wtl90_4140_final\samples\bmpview\debug\bmpview.tlog\cl.command.1.tlog
c:\_dev\minitwi\wtl90_4140_final\samples\bmpview\debug\bmpview.tlog\cl.read.1.tlog
c:\_dev\minitwi\wtl90_4140_final\samples\bmpview\debug\bmpview.tlog\cl.write.1.tlog
c:\_dev\minitwi\wtl90_4140_final\samples\bmpview\debug\bmpview.tlog\link-cvtres.read.1.tlog
c:\_dev\minitwi\wtl90_4140_final\samples\bmpview\debug\bmpview.tlog\link-mt.read.1.tlog
c:\_dev\minitwi\wtl90_4140_final\samples\bmpview\debug\bmpview.tlog\link-mt.write.1.tlog
c:\_dev\minitwi\wtl90_4140_final\samples\bmpview\debug\bmpview.tlog\link-rc.read.1.tlog
c:\_dev\minitwi\wtl90_4140_final\samples\bmpview\debug\bmpview.tlog\link-rc.write.1.tlog
c:\_dev\minitwi\wtl90_4140_final\samples\bmpview\debug\bmpview.tlog\link.command.1.tlog
c:\_dev\minitwi\wtl90_4140_final\samples\bmpview\debug\bmpview.tlog\link.read.1.tlog
c:\_dev\minitwi\wtl90_4140_final\samples\bmpview\debug\bmpview.tlog\link.write.1.tlog
c:\_dev\minitwi\wtl90_4140_final\samples\bmpview\debug\bmpview.tlog\rc.command.1.tlog
c:\_dev\minitwi\wtl90_4140_final\samples\bmpview\debug\bmpview.tlog\rc.read.1.tlog
c:\_dev\minitwi\wtl90_4140_final\samples\bmpview\debug\bmpview.tlog\rc.write.1.tlog
